  [4;36;1mSQL (0.000000)[0m   [0;1mSET client_min_messages TO 'panic'[0m
  [4;35;1mSQL (0.000000)[0m   [0mSET client_min_messages TO 'notice'[0m
  [4;36;1mSQL (0.000000)[0m   [0;1mSET client_encoding TO 'utf8'[0m
  [4;35;1mSQL (0.047000)[0m   [0mSELECT version FROM schema_migrations[0m
  [4;36;1mSQL (0.000000)[0m   [0;1mSET client_min_messages TO 'panic'[0m
  [4;35;1mSQL (0.000000)[0m   [0mSET client_min_messages TO 'notice'[0m
  [4;36;1mSQL (0.000000)[0m   [0;1mSET client_encoding TO 'utf8'[0m
  [4;35;1mSQL (0.000000)[0m   [0mSET search_path TO public[0m
  [4;36;1mSQL (0.453000)[0m   [0;1mDROP DATABASE IF EXISTS "wunderkind_test"[0m
  [4;35;1mSQL (0.000000)[0m   [0mSET client_min_messages TO 'panic'[0m
  [4;36;1mSQL (0.000000)[0m   [0;1mSET client_min_messages TO 'notice'[0m
  [4;35;1mSQL (0.000000)[0m   [0mSET client_encoding TO 'utf8'[0m
  [4;36;1mSQL (0.000000)[0m   [0;1mSET search_path TO public[0m
  [4;35;1mSQL (6.266000)[0m   [0mCREATE DATABASE "wunderkind_test" ENCODING = 'utf8'[0m
  [4;36;1mSQL (0.000000)[0m   [0;1mSET client_min_messages TO 'panic'[0m
  [4;35;1mSQL (0.000000)[0m   [0mSET client_min_messages TO 'notice'[0m
  [4;36;1mSQL (0.000000)[0m   [0;1mSET client_encoding TO 'utf8'[0m
  [4;35;1mSQL (0.188000)[0m   [0mCREATE TABLE "config" ("id" serial primary key, "key" character varying(40) DEFAULT E'' NOT NULL, "value" character varying(255) DEFAULT E'') [0m
  [4;36;1mSQL (0.046000)[0m   [0;1mCREATE UNIQUE INDEX "key" ON "config" ("key")[0m
  [4;35;1mSQL (0.078000)[0m   [0mCREATE TABLE "extension_meta" ("id" serial primary key, "name" character varying(255), "schema_version" integer DEFAULT 0, "enabled" boolean DEFAULT 't') [0m
  [4;36;1mSQL (0.140000)[0m   [0;1mCREATE TABLE "layouts" ("id" serial primary key, "name" character varying(100), "content" text, "created_at" timestamp, "updated_at" timestamp, "created_by_id" integer, "updated_by_id" integer, "content_type" character varying(40), "lock_version" integer DEFAULT 0) [0m
  [4;35;1mSQL (0.094000)[0m   [0mCREATE TABLE "page_parts" ("id" serial primary key, "name" character varying(100), "filter_id" character varying(25), "content" text, "page_id" integer) [0m
  [4;36;1mSQL (0.125000)[0m   [0;1mCREATE TABLE "pages" ("id" serial primary key, "title" character varying(255), "slug" character varying(100), "breadcrumb" character varying(160), "class_name" character varying(25), "status_id" integer DEFAULT 1 NOT NULL, "parent_id" integer, "layout_id" integer, "created_at" timestamp, "updated_at" timestamp, "published_at" timestamp, "created_by_id" integer, "updated_by_id" integer, "virtual" boolean DEFAULT 'f' NOT NULL, "lock_version" integer DEFAULT 0, "description" character varying(255), "keywords" character varying(255)) [0m
  [4;35;1mSQL (0.250000)[0m   [0mCREATE TABLE "posts" ("id" serial primary key, "author_id" integer, "folder_id" integer, "category_id" integer, "status_id" integer, "review" text, "subject" character varying(255), "body" text, "image" character varying(255), "views" integer DEFAULT 0, "created_at" timestamp, "updated_at" timestamp) [0m
  [4;36;1mSQL (0.109000)[0m   [0;1mCREATE TABLE "sessions" ("id" serial primary key, "session_id" character varying(255), "data" text, "updated_at" timestamp) [0m
  [4;35;1mSQL (0.063000)[0m   [0mCREATE INDEX "index_sessions_on_session_id" ON "sessions" ("session_id")[0m
  [4;36;1mSQL (0.062000)[0m   [0;1mCREATE INDEX "index_sessions_on_updated_at" ON "sessions" ("updated_at")[0m
  [4;35;1mSQL (0.094000)[0m   [0mCREATE TABLE "snippets" ("id" serial primary key, "name" character varying(100) DEFAULT E'' NOT NULL, "filter_id" character varying(25), "content" text, "created_at" timestamp, "updated_at" timestamp, "created_by_id" integer, "updated_by_id" integer, "lock_version" integer DEFAULT 0) [0m
  [4;36;1mSQL (0.062000)[0m   [0;1mCREATE UNIQUE INDEX "name" ON "snippets" ("name")[0m
  [4;35;1mSQL (0.094000)[0m   [0mCREATE TABLE "users" ("id" serial primary key, "name" character varying(100), "email" character varying(255), "login" character varying(40) DEFAULT E'' NOT NULL, "password" character varying(40), "created_at" timestamp, "updated_at" timestamp, "created_by_id" integer, "updated_by_id" integer, "admin" boolean DEFAULT 'f' NOT NULL, "developer" boolean DEFAULT 'f' NOT NULL, "notes" text, "lock_version" integer DEFAULT 0, "salt" character varying(255), "session_token" character varying(255)) [0m
  [4;36;1mSQL (0.047000)[0m   [0;1mCREATE UNIQUE INDEX "login" ON "users" ("login")[0m
  [4;35;1mSQL (0.000000)[0m   [0mCREATE TABLE "schema_migrations" ("version" character varying(255) NOT NULL) [0m
  [4;36;1mSQL (0.047000)[0m   [0;1mCREATE UNIQUE INDEX "unique_schema_migrations" ON "schema_migrations" ("version")[0m
  [4;35;1mSQL (0.000000)[0m   [0mSELECT version FROM "schema_migrations"[0m
  [4;36;1mSQL (0.015000)[0m   [0;1mINSERT INTO "schema_migrations" (version) VALUES ('20081213211140')[0m
  [4;36;1mSQL (0.016000)[0m   [0;1mSET client_min_messages TO 'panic'[0m
  [4;35;1mSQL (0.000000)[0m   [0mSET client_min_messages TO 'notice'[0m
  [4;36;1mSQL (0.000000)[0m   [0;1mSET client_encoding TO 'utf8'[0m
  [4;35;1mSQL (0.109000)[0m   [0mSELECT version FROM schema_migrations[0m
  [4;36;1mSQL (0.000000)[0m   [0;1mSET client_min_messages TO 'panic'[0m
  [4;35;1mSQL (0.000000)[0m   [0mSET client_min_messages TO 'notice'[0m
  [4;36;1mSQL (0.000000)[0m   [0;1mSET client_encoding TO 'utf8'[0m
  [4;35;1mSQL (0.031000)[0m   [0mSET search_path TO public[0m
  [4;36;1mSQL (1.422000)[0m   [0;1mDROP DATABASE IF EXISTS "wunderkind_test"[0m
  [4;35;1mSQL (0.000000)[0m   [0mSET client_min_messages TO 'panic'[0m
  [4;36;1mSQL (0.000000)[0m   [0;1mSET client_min_messages TO 'notice'[0m
  [4;35;1mSQL (0.000000)[0m   [0mSET client_encoding TO 'utf8'[0m
  [4;36;1mSQL (0.000000)[0m   [0;1mSET search_path TO public[0m
  [4;35;1mSQL (9.610000)[0m   [0mCREATE DATABASE "wunderkind_test" ENCODING = 'utf8'[0m
  [4;36;1mSQL (0.000000)[0m   [0;1mSET client_min_messages TO 'panic'[0m
  [4;35;1mSQL (0.000000)[0m   [0mSET client_min_messages TO 'notice'[0m
  [4;36;1mSQL (0.000000)[0m   [0;1mSET client_encoding TO 'utf8'[0m
  [4;35;1mSQL (0.437000)[0m   [0mCREATE TABLE "config" ("id" serial primary key, "key" character varying(40) DEFAULT E'' NOT NULL, "value" character varying(255) DEFAULT E'') [0m
  [4;36;1mSQL (0.094000)[0m   [0;1mCREATE UNIQUE INDEX "key" ON "config" ("key")[0m
  [4;35;1mSQL (0.062000)[0m   [0mCREATE TABLE "extension_meta" ("id" serial primary key, "name" character varying(255), "schema_version" integer DEFAULT 0, "enabled" boolean DEFAULT 't') [0m
  [4;36;1mSQL (0.094000)[0m   [0;1mCREATE TABLE "layouts" ("id" serial primary key, "name" character varying(100), "content" text, "created_at" timestamp, "updated_at" timestamp, "created_by_id" integer, "updated_by_id" integer, "content_type" character varying(40), "lock_version" integer DEFAULT 0) [0m
  [4;35;1mSQL (0.094000)[0m   [0mCREATE TABLE "page_parts" ("id" serial primary key, "name" character varying(100), "filter_id" character varying(25), "content" text, "page_id" integer) [0m
  [4;36;1mSQL (0.406000)[0m   [0;1mCREATE TABLE "pages" ("id" serial primary key, "title" character varying(255), "slug" character varying(100), "breadcrumb" character varying(160), "class_name" character varying(25), "status_id" integer DEFAULT 1 NOT NULL, "parent_id" integer, "layout_id" integer, "created_at" timestamp, "updated_at" timestamp, "published_at" timestamp, "created_by_id" integer, "updated_by_id" integer, "virtual" boolean DEFAULT 'f' NOT NULL, "lock_version" integer DEFAULT 0, "description" character varying(255), "keywords" character varying(255)) [0m
  [4;35;1mSQL (0.125000)[0m   [0mCREATE TABLE "posts" ("id" serial primary key, "author_id" integer, "folder_id" integer, "category_id" integer, "status_id" integer, "review" text, "subject" character varying(255), "body" text, "image" character varying(255), "views" integer DEFAULT 0, "created_at" timestamp, "updated_at" timestamp) [0m
  [4;36;1mSQL (0.078000)[0m   [0;1mCREATE TABLE "sessions" ("id" serial primary key, "session_id" character varying(255), "data" text, "updated_at" timestamp) [0m
  [4;35;1mSQL (0.063000)[0m   [0mCREATE INDEX "index_sessions_on_session_id" ON "sessions" ("session_id")[0m
  [4;36;1mSQL (0.031000)[0m   [0;1mCREATE INDEX "index_sessions_on_updated_at" ON "sessions" ("updated_at")[0m
  [4;35;1mSQL (0.078000)[0m   [0mCREATE TABLE "snippets" ("id" serial primary key, "name" character varying(100) DEFAULT E'' NOT NULL, "filter_id" character varying(25), "content" text, "created_at" timestamp, "updated_at" timestamp, "created_by_id" integer, "updated_by_id" integer, "lock_version" integer DEFAULT 0) [0m
  [4;36;1mSQL (0.031000)[0m   [0;1mCREATE UNIQUE INDEX "name" ON "snippets" ("name")[0m
  [4;35;1mSQL (0.109000)[0m   [0mCREATE TABLE "users" ("id" serial primary key, "name" character varying(100), "email" character varying(255), "login" character varying(40) DEFAULT E'' NOT NULL, "password" character varying(40), "created_at" timestamp, "updated_at" timestamp, "created_by_id" integer, "updated_by_id" integer, "admin" boolean DEFAULT 'f' NOT NULL, "developer" boolean DEFAULT 'f' NOT NULL, "notes" text, "lock_version" integer DEFAULT 0, "salt" character varying(255), "session_token" character varying(255)) [0m
  [4;36;1mSQL (0.203000)[0m   [0;1mCREATE UNIQUE INDEX "login" ON "users" ("login")[0m
  [4;35;1mSQL (0.000000)[0m   [0mCREATE TABLE "schema_migrations" ("version" character varying(255) NOT NULL) [0m
  [4;36;1mSQL (0.188000)[0m   [0;1mCREATE UNIQUE INDEX "unique_schema_migrations" ON "schema_migrations" ("version")[0m
  [4;35;1mSQL (0.000000)[0m   [0mSELECT version FROM "schema_migrations"[0m
  [4;36;1mSQL (0.062000)[0m   [0;1mINSERT INTO "schema_migrations" (version) VALUES ('20081213211140')[0m
  [4;36;1mSQL (0.000000)[0m   [0;1mSET client_min_messages TO 'panic'[0m
  [4;35;1mSQL (0.016000)[0m   [0mSET client_min_messages TO 'notice'[0m
  [4;36;1mSQL (0.000000)[0m   [0;1mSET client_encoding TO 'utf8'[0m
  [4;35;1mSQL (0.000000)[0m   [0mSELECT version FROM schema_migrations[0m
  [4;36;1mSQL (0.000000)[0m   [0;1mSET client_min_messages TO 'panic'[0m
  [4;35;1mSQL (0.000000)[0m   [0mSET client_min_messages TO 'notice'[0m
  [4;36;1mSQL (0.000000)[0m   [0;1mSET client_encoding TO 'utf8'[0m
  [4;35;1mSQL (0.000000)[0m   [0mSET search_path TO public[0m
  [4;36;1mSQL (0.250000)[0m   [0;1mDROP DATABASE IF EXISTS "wunderkind_test"[0m
  [4;35;1mSQL (0.000000)[0m   [0mSET client_min_messages TO 'panic'[0m
  [4;36;1mSQL (0.000000)[0m   [0;1mSET client_min_messages TO 'notice'[0m
  [4;35;1mSQL (0.000000)[0m   [0mSET client_encoding TO 'utf8'[0m
  [4;36;1mSQL (0.000000)[0m   [0;1mSET search_path TO public[0m
  [4;35;1mSQL (4.828000)[0m   [0mCREATE DATABASE "wunderkind_test" ENCODING = 'utf8'[0m
  [4;36;1mSQL (0.000000)[0m   [0;1mSET client_min_messages TO 'panic'[0m
  [4;35;1mSQL (0.000000)[0m   [0mSET client_min_messages TO 'notice'[0m
  [4;36;1mSQL (0.000000)[0m   [0;1mSET client_encoding TO 'utf8'[0m
  [4;35;1mSQL (0.141000)[0m   [0mCREATE TABLE "config" ("id" serial primary key, "key" character varying(40) DEFAULT E'' NOT NULL, "value" character varying(255) DEFAULT E'') [0m
  [4;36;1mSQL (0.031000)[0m   [0;1mCREATE UNIQUE INDEX "key" ON "config" ("key")[0m
  [4;35;1mSQL (0.047000)[0m   [0mCREATE TABLE "extension_meta" ("id" serial primary key, "name" character varying(255), "schema_version" integer DEFAULT 0, "enabled" boolean DEFAULT 't') [0m
  [4;36;1mSQL (0.110000)[0m   [0;1mCREATE TABLE "layouts" ("id" serial primary key, "name" character varying(100), "content" text, "created_at" timestamp, "updated_at" timestamp, "created_by_id" integer, "updated_by_id" integer, "content_type" character varying(40), "lock_version" integer DEFAULT 0) [0m
  [4;35;1mSQL (0.078000)[0m   [0mCREATE TABLE "page_parts" ("id" serial primary key, "name" character varying(100), "filter_id" character varying(25), "content" text, "page_id" integer) [0m
  [4;36;1mSQL (0.094000)[0m   [0;1mCREATE TABLE "pages" ("id" serial primary key, "title" character varying(255), "slug" character varying(100), "breadcrumb" character varying(160), "class_name" character varying(25), "status_id" integer DEFAULT 1 NOT NULL, "parent_id" integer, "layout_id" integer, "created_at" timestamp, "updated_at" timestamp, "published_at" timestamp, "created_by_id" integer, "updated_by_id" integer, "virtual" boolean DEFAULT 'f' NOT NULL, "lock_version" integer DEFAULT 0, "description" character varying(255), "keywords" character varying(255)) [0m
  [4;35;1mSQL (0.125000)[0m   [0mCREATE TABLE "posts" ("id" serial primary key, "author_id" integer, "folder_id" integer, "category_id" integer, "status_id" integer, "review" text, "subject" character varying(255), "body" text, "image" character varying(255), "views" integer DEFAULT 0, "created_at" timestamp, "updated_at" timestamp) [0m
  [4;36;1mSQL (0.110000)[0m   [0;1mCREATE TABLE "sessions" ("id" serial primary key, "session_id" character varying(255), "data" text, "updated_at" timestamp) [0m
  [4;35;1mSQL (0.062000)[0m   [0mCREATE INDEX "index_sessions_on_session_id" ON "sessions" ("session_id")[0m
  [4;36;1mSQL (0.047000)[0m   [0;1mCREATE INDEX "index_sessions_on_updated_at" ON "sessions" ("updated_at")[0m
  [4;35;1mSQL (0.265000)[0m   [0mCREATE TABLE "snippets" ("id" serial primary key, "name" character varying(100) DEFAULT E'' NOT NULL, "filter_id" character varying(25), "content" text, "created_at" timestamp, "updated_at" timestamp, "created_by_id" integer, "updated_by_id" integer, "lock_version" integer DEFAULT 0) [0m
  [4;36;1mSQL (0.047000)[0m   [0;1mCREATE UNIQUE INDEX "name" ON "snippets" ("name")[0m
  [4;35;1mSQL (0.093000)[0m   [0mCREATE TABLE "users" ("id" serial primary key, "name" character varying(100), "email" character varying(255), "login" character varying(40) DEFAULT E'' NOT NULL, "password" character varying(40), "created_at" timestamp, "updated_at" timestamp, "created_by_id" integer, "updated_by_id" integer, "admin" boolean DEFAULT 'f' NOT NULL, "developer" boolean DEFAULT 'f' NOT NULL, "notes" text, "lock_version" integer DEFAULT 0, "salt" character varying(255), "session_token" character varying(255)) [0m
  [4;36;1mSQL (0.047000)[0m   [0;1mCREATE UNIQUE INDEX "login" ON "users" ("login")[0m
  [4;35;1mSQL (0.000000)[0m   [0mCREATE TABLE "schema_migrations" ("version" character varying(255) NOT NULL) [0m
  [4;36;1mSQL (0.062000)[0m   [0;1mCREATE UNIQUE INDEX "unique_schema_migrations" ON "schema_migrations" ("version")[0m
  [4;35;1mSQL (0.000000)[0m   [0mSELECT version FROM "schema_migrations"[0m
  [4;36;1mSQL (0.000000)[0m   [0;1mINSERT INTO "schema_migrations" (version) VALUES ('20081213211140')[0m
  [4;36;1mSQL (0.000000)[0m   [0;1mSET client_min_messages TO 'panic'[0m
  [4;35;1mSQL (0.000000)[0m   [0mSET client_min_messages TO 'notice'[0m
  [4;36;1mSQL (0.000000)[0m   [0;1mSET client_encoding TO 'utf8'[0m
  [4;35;1mSQL (0.000000)[0m   [0mSELECT version FROM schema_migrations[0m
  [4;36;1mSQL (0.000000)[0m   [0;1mSET client_min_messages TO 'panic'[0m
  [4;35;1mSQL (0.000000)[0m   [0mSET client_min_messages TO 'notice'[0m
  [4;36;1mSQL (0.000000)[0m   [0;1mSET client_encoding TO 'utf8'[0m
  [4;35;1mSQL (0.000000)[0m   [0mSET search_path TO public[0m
  [4;36;1mSQL (0.359000)[0m   [0;1mDROP DATABASE IF EXISTS "wunderkind_test"[0m
  [4;35;1mSQL (0.000000)[0m   [0mSET client_min_messages TO 'panic'[0m
  [4;36;1mSQL (0.000000)[0m   [0;1mSET client_min_messages TO 'notice'[0m
  [4;35;1mSQL (0.000000)[0m   [0mSET client_encoding TO 'utf8'[0m
  [4;36;1mSQL (0.000000)[0m   [0;1mSET search_path TO public[0m
  [4;35;1mSQL (4.906000)[0m   [0mCREATE DATABASE "wunderkind_test" ENCODING = 'utf8'[0m
  [4;36;1mSQL (0.000000)[0m   [0;1mSET client_min_messages TO 'panic'[0m
  [4;35;1mSQL (0.000000)[0m   [0mSET client_min_messages TO 'notice'[0m
  [4;36;1mSQL (0.000000)[0m   [0;1mSET client_encoding TO 'utf8'[0m
  [4;35;1mSQL (0.125000)[0m   [0mCREATE TABLE "config" ("id" serial primary key, "key" character varying(40) DEFAULT E'' NOT NULL, "value" character varying(255) DEFAULT E'') [0m
  [4;36;1mSQL (0.047000)[0m   [0;1mCREATE UNIQUE INDEX "key" ON "config" ("key")[0m
  [4;35;1mSQL (0.046000)[0m   [0mCREATE TABLE "extension_meta" ("id" serial primary key, "name" character varying(255), "schema_version" integer DEFAULT 0, "enabled" boolean DEFAULT 't') [0m
  [4;36;1mSQL (0.109000)[0m   [0;1mCREATE TABLE "layouts" ("id" serial primary key, "name" character varying(100), "content" text, "created_at" timestamp, "updated_at" timestamp, "created_by_id" integer, "updated_by_id" integer, "content_type" character varying(40), "lock_version" integer DEFAULT 0) [0m
  [4;35;1mSQL (0.094000)[0m   [0mCREATE TABLE "page_parts" ("id" serial primary key, "name" character varying(100), "filter_id" character varying(25), "content" text, "page_id" integer) [0m
  [4;36;1mSQL (0.109000)[0m   [0;1mCREATE TABLE "pages" ("id" serial primary key, "title" character varying(255), "slug" character varying(100), "breadcrumb" character varying(160), "class_name" character varying(25), "status_id" integer DEFAULT 1 NOT NULL, "parent_id" integer, "layout_id" integer, "created_at" timestamp, "updated_at" timestamp, "published_at" timestamp, "created_by_id" integer, "updated_by_id" integer, "virtual" boolean DEFAULT 'f' NOT NULL, "lock_version" integer DEFAULT 0, "description" character varying(255), "keywords" character varying(255)) [0m
  [4;35;1mSQL (0.094000)[0m   [0mCREATE TABLE "posts" ("id" serial primary key, "author_id" integer, "folder_id" integer, "category_id" integer, "status_id" integer, "review" text, "subject" character varying(255), "body" text, "image" character varying(255), "views" integer DEFAULT 0, "created_at" timestamp, "updated_at" timestamp) [0m
  [4;36;1mSQL (0.093000)[0m   [0;1mCREATE TABLE "sessions" ("id" serial primary key, "session_id" character varying(255), "data" text, "updated_at" timestamp) [0m
  [4;35;1mSQL (0.047000)[0m   [0mCREATE INDEX "index_sessions_on_session_id" ON "sessions" ("session_id")[0m
  [4;36;1mSQL (0.047000)[0m   [0;1mCREATE INDEX "index_sessions_on_updated_at" ON "sessions" ("updated_at")[0m
  [4;35;1mSQL (0.312000)[0m   [0mCREATE TABLE "snippets" ("id" serial primary key, "name" character varying(100) DEFAULT E'' NOT NULL, "filter_id" character varying(25), "content" text, "created_at" timestamp, "updated_at" timestamp, "created_by_id" integer, "updated_by_id" integer, "lock_version" integer DEFAULT 0) [0m
  [4;36;1mSQL (0.063000)[0m   [0;1mCREATE UNIQUE INDEX "name" ON "snippets" ("name")[0m
  [4;35;1mSQL (0.094000)[0m   [0mCREATE TABLE "users" ("id" serial primary key, "name" character varying(100), "email" character varying(255), "login" character varying(40) DEFAULT E'' NOT NULL, "password" character varying(40), "created_at" timestamp, "updated_at" timestamp, "created_by_id" integer, "updated_by_id" integer, "admin" boolean DEFAULT 'f' NOT NULL, "developer" boolean DEFAULT 'f' NOT NULL, "notes" text, "lock_version" integer DEFAULT 0, "salt" character varying(255), "session_token" character varying(255)) [0m
  [4;36;1mSQL (0.047000)[0m   [0;1mCREATE UNIQUE INDEX "login" ON "users" ("login")[0m
  [4;35;1mSQL (0.000000)[0m   [0mCREATE TABLE "schema_migrations" ("version" character varying(255) NOT NULL) [0m
  [4;36;1mSQL (0.062000)[0m   [0;1mCREATE UNIQUE INDEX "unique_schema_migrations" ON "schema_migrations" ("version")[0m
  [4;35;1mSQL (0.000000)[0m   [0mSELECT version FROM "schema_migrations"[0m
  [4;36;1mSQL (0.000000)[0m   [0;1mINSERT INTO "schema_migrations" (version) VALUES ('20081213211140')[0m
  [4;36;1mSQL (0.000000)[0m   [0;1mSET client_min_messages TO 'panic'[0m
  [4;35;1mSQL (0.000000)[0m   [0mSET client_min_messages TO 'notice'[0m
  [4;36;1mSQL (0.000000)[0m   [0;1mSET client_encoding TO 'utf8'[0m
  [4;35;1mSQL (0.000000)[0m   [0mSELECT version FROM schema_migrations[0m
  [4;36;1mSQL (0.000000)[0m   [0;1mSELECT version FROM schema_migrations[0m
Migrating to CreatePosts (20081213211140)
  [4;35;1mSQL (0.078000)[0m   [0mDROP TABLE "posts"[0m
  [4;36;1mSQL (0.047000)[0m   [0;1mDELETE FROM schema_migrations WHERE version = '20081213211140'[0m
  [4;35;1mSQL (0.000000)[0m   [0mSELECT version FROM schema_migrations[0m
  [4;36;1mSQL (0.000000)[0m   [0;1mSET client_min_messages TO 'panic'[0m
  [4;35;1mSQL (0.000000)[0m   [0mSET client_min_messages TO 'notice'[0m
  [4;36;1mSQL (0.000000)[0m   [0;1mSET client_encoding TO 'utf8'[0m
  [4;35;1mSQL (0.000000)[0m   [0mSELECT version FROM schema_migrations[0m
Migrating to CreatePosts (20081213211140)
  [4;36;1mSQL (0.187000)[0m   [0;1mCREATE TABLE "posts" ("id" serial primary key, "author_id" integer, "folder_id" integer, "category_id" integer, "status_id" integer, "review" text, "subject" character varying(255), "body" text, "image" character varying(255), "comments_count" integer DEFAULT 0, "views_count" integer DEFAULT 0, "created_at" timestamp, "updated_at" timestamp) [0m
  [4;35;1mSQL (0.000000)[0m   [0mINSERT INTO schema_migrations (version) VALUES ('20081213211140')[0m
  [4;36;1mSQL (0.000000)[0m   [0;1mSELECT version FROM schema_migrations[0m
  [4;36;1mSQL (0.000000)[0m   [0;1mSET client_min_messages TO 'panic'[0m
  [4;35;1mSQL (0.000000)[0m   [0mSET client_min_messages TO 'notice'[0m
  [4;36;1mSQL (0.000000)[0m   [0;1mSET client_encoding TO 'utf8'[0m
  [4;35;1mSQL (0.000000)[0m   [0mSELECT version FROM schema_migrations[0m
  [4;36;1mSQL (0.000000)[0m   [0;1mSET client_min_messages TO 'panic'[0m
  [4;35;1mSQL (0.000000)[0m   [0mSET client_min_messages TO 'notice'[0m
  [4;36;1mSQL (0.000000)[0m   [0;1mSET client_encoding TO 'utf8'[0m
  [4;35;1mSQL (0.000000)[0m   [0mSET search_path TO public[0m
  [4;36;1mSQL (0.578000)[0m   [0;1mDROP DATABASE IF EXISTS "wunderkind_test"[0m
  [4;35;1mSQL (0.000000)[0m   [0mSET client_min_messages TO 'panic'[0m
  [4;36;1mSQL (0.000000)[0m   [0;1mSET client_min_messages TO 'notice'[0m
  [4;35;1mSQL (0.000000)[0m   [0mSET client_encoding TO 'utf8'[0m
  [4;36;1mSQL (0.000000)[0m   [0;1mSET search_path TO public[0m
  [4;35;1mSQL (4.500000)[0m   [0mCREATE DATABASE "wunderkind_test" ENCODING = 'utf8'[0m
  [4;36;1mSQL (0.000000)[0m   [0;1mSET client_min_messages TO 'panic'[0m
  [4;35;1mSQL (0.000000)[0m   [0mSET client_min_messages TO 'notice'[0m
  [4;36;1mSQL (0.000000)[0m   [0;1mSET client_encoding TO 'utf8'[0m
  [4;35;1mSQL (0.047000)[0m   [0mCREATE TABLE "config" ("id" serial primary key, "key" character varying(40) DEFAULT E'' NOT NULL, "value" character varying(255) DEFAULT E'') [0m
  [4;36;1mSQL (0.062000)[0m   [0;1mCREATE UNIQUE INDEX "key" ON "config" ("key")[0m
  [4;35;1mSQL (0.047000)[0m   [0mCREATE TABLE "extension_meta" ("id" serial primary key, "name" character varying(255), "schema_version" integer DEFAULT 0, "enabled" boolean DEFAULT 't') [0m
  [4;36;1mSQL (0.094000)[0m   [0;1mCREATE TABLE "layouts" ("id" serial primary key, "name" character varying(100), "content" text, "created_at" timestamp, "updated_at" timestamp, "created_by_id" integer, "updated_by_id" integer, "content_type" character varying(40), "lock_version" integer DEFAULT 0) [0m
  [4;35;1mSQL (0.062000)[0m   [0mCREATE TABLE "page_parts" ("id" serial primary key, "name" character varying(100), "filter_id" character varying(25), "content" text, "page_id" integer) [0m
  [4;36;1mSQL (0.109000)[0m   [0;1mCREATE TABLE "pages" ("id" serial primary key, "title" character varying(255), "slug" character varying(100), "breadcrumb" character varying(160), "class_name" character varying(25), "status_id" integer DEFAULT 1 NOT NULL, "parent_id" integer, "layout_id" integer, "created_at" timestamp, "updated_at" timestamp, "published_at" timestamp, "created_by_id" integer, "updated_by_id" integer, "virtual" boolean DEFAULT 'f' NOT NULL, "lock_version" integer DEFAULT 0, "description" character varying(255), "keywords" character varying(255)) [0m
  [4;35;1mSQL (0.079000)[0m   [0mCREATE TABLE "posts" ("id" serial primary key, "author_id" integer, "folder_id" integer, "category_id" integer, "status_id" integer, "review" text, "subject" character varying(255), "body" text, "image" character varying(255), "comments_count" integer DEFAULT 0, "views_count" integer DEFAULT 0, "created_at" timestamp, "updated_at" timestamp) [0m
  [4;36;1mSQL (0.094000)[0m   [0;1mCREATE TABLE "sessions" ("id" serial primary key, "session_id" character varying(255), "data" text, "updated_at" timestamp) [0m
  [4;35;1mSQL (0.047000)[0m   [0mCREATE INDEX "index_sessions_on_session_id" ON "sessions" ("session_id")[0m
  [4;36;1mSQL (0.047000)[0m   [0;1mCREATE INDEX "index_sessions_on_updated_at" ON "sessions" ("updated_at")[0m
  [4;35;1mSQL (0.063000)[0m   [0mCREATE TABLE "snippets" ("id" serial primary key, "name" character varying(100) DEFAULT E'' NOT NULL, "filter_id" character varying(25), "content" text, "created_at" timestamp, "updated_at" timestamp, "created_by_id" integer, "updated_by_id" integer, "lock_version" integer DEFAULT 0) [0m
  [4;36;1mSQL (0.109000)[0m   [0;1mCREATE UNIQUE INDEX "name" ON "snippets" ("name")[0m
  [4;35;1mSQL (0.140000)[0m   [0mCREATE TABLE "users" ("id" serial primary key, "name" character varying(100), "email" character varying(255), "login" character varying(40) DEFAULT E'' NOT NULL, "password" character varying(40), "created_at" timestamp, "updated_at" timestamp, "created_by_id" integer, "updated_by_id" integer, "admin" boolean DEFAULT 'f' NOT NULL, "developer" boolean DEFAULT 'f' NOT NULL, "notes" text, "lock_version" integer DEFAULT 0, "salt" character varying(255), "session_token" character varying(255)) [0m
  [4;36;1mSQL (0.032000)[0m   [0;1mCREATE UNIQUE INDEX "login" ON "users" ("login")[0m
  [4;35;1mSQL (0.000000)[0m   [0mCREATE TABLE "schema_migrations" ("version" character varying(255) NOT NULL) [0m
  [4;36;1mSQL (0.047000)[0m   [0;1mCREATE UNIQUE INDEX "unique_schema_migrations" ON "schema_migrations" ("version")[0m
  [4;35;1mSQL (0.000000)[0m   [0mSELECT version FROM "schema_migrations"[0m
  [4;36;1mSQL (0.000000)[0m   [0;1mINSERT INTO "schema_migrations" (version) VALUES ('20081213211140')[0m
  [4;36;1mSQL (0.000000)[0m   [0;1mSET client_min_messages TO 'panic'[0m
  [4;35;1mSQL (0.000000)[0m   [0mSET client_min_messages TO 'notice'[0m
  [4;36;1mSQL (0.000000)[0m   [0;1mSET client_encoding TO 'utf8'[0m
  [4;35;1mSQL (0.047000)[0m   [0mSELECT version FROM schema_migrations[0m
Migrating to CreatePosts (20081213211140)
Migrating to CreateUsers (20081213233920)
  [4;36;1mSQL (0.000000)[0m   [0;1mRuntimeError: ERROR	C42P07	Mrelation "users" already exists	Fheap.c	L777	Rheap_create_with_catalog: CREATE TABLE "users" ("id" serial primary key, "full_name" character varying(255), "created_at" timestamp, "updated_at" timestamp) [0m
  [4;36;1mSQL (0.000000)[0m   [0;1mSET client_min_messages TO 'panic'[0m
  [4;35;1mSQL (0.000000)[0m   [0mSET client_min_messages TO 'notice'[0m
  [4;36;1mSQL (0.000000)[0m   [0;1mSET client_encoding TO 'utf8'[0m
  [4;35;1mSQL (0.000000)[0m   [0mSELECT version FROM schema_migrations[0m
  [4;36;1mSQL (0.000000)[0m   [0;1mSELECT version FROM schema_migrations[0m
Migrating to CreatePosts (20081213211140)
  [4;35;1mSQL (0.110000)[0m   [0mDROP TABLE "posts"[0m
  [4;36;1mSQL (0.046000)[0m   [0;1mDELETE FROM schema_migrations WHERE version = '20081213211140'[0m
  [4;35;1mSQL (0.000000)[0m   [0mSELECT version FROM schema_migrations[0m
  [4;36;1mSQL (0.000000)[0m   [0;1mSET client_min_messages TO 'panic'[0m
  [4;35;1mSQL (0.000000)[0m   [0mSET client_min_messages TO 'notice'[0m
  [4;36;1mSQL (0.000000)[0m   [0;1mSET client_encoding TO 'utf8'[0m
  [4;35;1mSQL (0.000000)[0m   [0mSELECT version FROM schema_migrations[0m
Migrating to CreatePosts (20081213211140)
  [4;36;1mSQL (0.172000)[0m   [0;1mCREATE TABLE "posts" ("id" serial primary key, "author_id" integer, "folder_id" integer, "category_id" integer, "status_id" integer, "review" text, "subject" character varying(255), "body" text, "image" character varying(255), "comments_count" integer DEFAULT 0, "views_count" integer DEFAULT 0, "created_at" timestamp, "updated_at" timestamp) [0m
  [4;35;1mSQL (0.000000)[0m   [0mINSERT INTO schema_migrations (version) VALUES ('20081213211140')[0m
Migrating to CreateUsers (20081213233920)
  [4;36;1mSQL (0.000000)[0m   [0;1mRuntimeError: ERROR	C42P07	Mrelation "users" already exists	Fheap.c	L777	Rheap_create_with_catalog: CREATE TABLE "users" ("id" serial primary key, "full_name" character varying(255), "created_at" timestamp, "updated_at" timestamp) [0m
  [4;36;1mSQL (0.000000)[0m   [0;1mSET client_min_messages TO 'panic'[0m
  [4;35;1mSQL (0.000000)[0m   [0mSET client_min_messages TO 'notice'[0m
  [4;36;1mSQL (0.000000)[0m   [0;1mSET client_encoding TO 'utf8'[0m
  [4;35;1mSQL (0.000000)[0m   [0mSELECT version FROM schema_migrations[0m
  [4;36;1mSQL (0.000000)[0m   [0;1mSELECT version FROM schema_migrations[0m
Migrating to CreatePosts (20081213211140)
  [4;35;1mSQL (0.047000)[0m   [0mDROP TABLE "posts"[0m
  [4;36;1mSQL (0.000000)[0m   [0;1mDELETE FROM schema_migrations WHERE version = '20081213211140'[0m
  [4;35;1mSQL (0.000000)[0m   [0mSELECT version FROM schema_migrations[0m
  [4;36;1mSQL (0.000000)[0m   [0;1mSET client_min_messages TO 'panic'[0m
  [4;35;1mSQL (0.000000)[0m   [0mSET client_min_messages TO 'notice'[0m
  [4;36;1mSQL (0.000000)[0m   [0;1mSET client_encoding TO 'utf8'[0m
  [4;35;1mSQL (0.000000)[0m   [0mSELECT version FROM schema_migrations[0m
Migrating to CreatePosts (20081213211140)
  [4;36;1mSQL (0.110000)[0m   [0;1mCREATE TABLE "posts" ("id" serial primary key, "author_id" integer, "folder_id" integer, "category_id" integer, "status_id" integer, "review" text, "subject" character varying(255), "body" text, "image" character varying(255), "comments_count" integer DEFAULT 0, "views_count" integer DEFAULT 0, "created_at" timestamp, "updated_at" timestamp) [0m
  [4;35;1mSQL (0.015000)[0m   [0mINSERT INTO schema_migrations (version) VALUES ('20081213211140')[0m
Migrating to CreateUsers (20081213233920)
  [4;36;1mSQL (0.000000)[0m   [0;1mRuntimeError: ERROR	C42P07	Mrelation "users" already exists	Fheap.c	L777	Rheap_create_with_catalog: CREATE TABLE "users" ("id" serial primary key, "full_name" character varying(255), "created_at" timestamp, "updated_at" timestamp) [0m
  [4;36;1mSQL (0.000000)[0m   [0;1mSET client_min_messages TO 'panic'[0m
  [4;35;1mSQL (0.000000)[0m   [0mSET client_min_messages TO 'notice'[0m
  [4;36;1mSQL (0.000000)[0m   [0;1mSET client_encoding TO 'utf8'[0m
  [4;35;1mSQL (0.000000)[0m   [0mSET search_path TO public[0m
  [4;36;1mSQL (5.953000)[0m   [0;1mCREATE DATABASE "wunderkind_development" ENCODING = 'utf8'[0m
  [4;36;1mSQL (0.000000)[0m   [0;1mSET client_min_messages TO 'panic'[0m
  [4;35;1mSQL (0.000000)[0m   [0mSET client_min_messages TO 'notice'[0m
  [4;36;1mSQL (0.000000)[0m   [0;1mSET client_encoding TO 'utf8'[0m
  [4;35;1mSQL (0.047000)[0m   [0mCREATE TABLE "schema_migrations" ("version" character varying(255) NOT NULL) [0m
  [4;36;1mSQL (0.094000)[0m   [0;1mCREATE UNIQUE INDEX "unique_schema_migrations" ON "schema_migrations" ("version")[0m
  [4;35;1mSQL (0.000000)[0m   [0mSELECT version FROM schema_migrations[0m
Migrating to CreatePosts (20081213211140)
  [4;36;1mSQL (0.125000)[0m   [0;1mCREATE TABLE "posts" ("id" serial primary key, "author_id" integer, "folder_id" integer, "category_id" integer, "status_id" integer, "review" text, "subject" character varying(255), "body" text, "image" character varying(255), "comments_count" integer DEFAULT 0, "views_count" integer DEFAULT 0, "created_at" timestamp, "updated_at" timestamp) [0m
  [4;35;1mSQL (0.000000)[0m   [0mINSERT INTO schema_migrations (version) VALUES ('20081213211140')[0m
Migrating to CreateUsers (20081213233920)
  [4;36;1mSQL (0.078000)[0m   [0;1mCREATE TABLE "users" ("id" serial primary key, "full_name" character varying(255), "created_at" timestamp, "updated_at" timestamp) [0m
  [4;35;1mSQL (0.015000)[0m   [0mINSERT INTO schema_migrations (version) VALUES ('20081213233920')[0m
  [4;36;1mSQL (0.000000)[0m   [0;1mSELECT version FROM schema_migrations[0m
  [4;36;1mSQL (0.000000)[0m   [0;1mSET client_min_messages TO 'panic'[0m
  [4;35;1mSQL (0.000000)[0m   [0mSET client_min_messages TO 'notice'[0m
  [4;36;1mSQL (0.000000)[0m   [0;1mSET client_encoding TO 'utf8'[0m
  [4;35;1mSQL (0.000000)[0m   [0mSELECT version FROM schema_migrations[0m
  [4;36;1mSQL (0.000000)[0m   [0;1mSET client_min_messages TO 'panic'[0m
  [4;35;1mSQL (0.000000)[0m   [0mSET client_min_messages TO 'notice'[0m
  [4;36;1mSQL (0.000000)[0m   [0;1mSET client_encoding TO 'utf8'[0m
  [4;35;1mSQL (0.000000)[0m   [0mSET search_path TO public[0m
  [4;36;1mSQL (0.000000)[0m   [0;1mDROP DATABASE IF EXISTS "wunderkind_test"[0m
  [4;35;1mSQL (0.000000)[0m   [0mSET client_min_messages TO 'panic'[0m
  [4;36;1mSQL (0.000000)[0m   [0;1mSET client_min_messages TO 'notice'[0m
  [4;35;1mSQL (0.000000)[0m   [0mSET client_encoding TO 'utf8'[0m
  [4;36;1mSQL (0.000000)[0m   [0;1mSET search_path TO public[0m
  [4;35;1mSQL (4.704000)[0m   [0mCREATE DATABASE "wunderkind_test" ENCODING = 'utf8'[0m
  [4;36;1mSQL (0.000000)[0m   [0;1mSET client_min_messages TO 'panic'[0m
  [4;35;1mSQL (0.000000)[0m   [0mSET client_min_messages TO 'notice'[0m
  [4;36;1mSQL (0.000000)[0m   [0;1mSET client_encoding TO 'utf8'[0m
  [4;35;1mSQL (0.172000)[0m   [0mCREATE TABLE "posts" ("id" serial primary key, "author_id" integer, "folder_id" integer, "category_id" integer, "status_id" integer, "review" text, "subject" character varying(255), "body" text, "image" character varying(255), "comments_count" integer DEFAULT 0, "views_count" integer DEFAULT 0, "created_at" timestamp, "updated_at" timestamp) [0m
  [4;36;1mSQL (0.032000)[0m   [0;1mCREATE TABLE "users" ("id" serial primary key, "full_name" character varying(255), "created_at" timestamp, "updated_at" timestamp) [0m
  [4;35;1mSQL (0.000000)[0m   [0mCREATE TABLE "schema_migrations" ("version" character varying(255) NOT NULL) [0m
  [4;36;1mSQL (0.078000)[0m   [0;1mCREATE UNIQUE INDEX "unique_schema_migrations" ON "schema_migrations" ("version")[0m
  [4;35;1mSQL (0.000000)[0m   [0mSELECT version FROM "schema_migrations"[0m
  [4;36;1mSQL (0.000000)[0m   [0;1mINSERT INTO "schema_migrations" (version) VALUES ('20081213233920')[0m
  [4;35;1mSQL (0.015000)[0m   [0mINSERT INTO "schema_migrations" (version) VALUES ('20081213211140')[0m
  [4;36;1mSQL (0.000000)[0m   [0;1mSET client_min_messages TO 'panic'[0m
  [4;35;1mSQL (0.000000)[0m   [0mSET client_min_messages TO 'notice'[0m
  [4;36;1mSQL (0.000000)[0m   [0;1mSET client_encoding TO 'utf8'[0m
  [4;35;1mSQL (0.015000)[0m   [0mSELECT version FROM schema_migrations[0m
Migrating to CreatePosts (20081213211140)
Migrating to CreateUsers (20081213233920)
Migrating to CreateStatuses (20081214182245)
  [4;36;1mSQL (0.313000)[0m   [0;1mCREATE TABLE "statuses" ("id" serial primary key, "name" character varying(255), "created_at" timestamp, "updated_at" timestamp) [0m
  [4;35;1mSQL (0.000000)[0m   [0mINSERT INTO schema_migrations (version) VALUES ('20081214182245')[0m
Migrating to CreateFolders (20081214182317)
  [4;36;1mSQL (0.079000)[0m   [0;1mCREATE TABLE "folders" ("id" serial primary key, "parent_id" integer, "name" character varying(255), "created_at" timestamp, "updated_at" timestamp) [0m
  [4;35;1mSQL (0.000000)[0m   [0mINSERT INTO schema_migrations (version) VALUES ('20081214182317')[0m
Migrating to CreateCategories (20081214182349)
  [4;36;1mSQL (0.047000)[0m   [0;1mCREATE TABLE "categories" ("id" serial primary key, "parent_id" integer, "name" character varying(255), "created_at" timestamp, "updated_at" timestamp) [0m
  [4;35;1mSQL (0.000000)[0m   [0mINSERT INTO schema_migrations (version) VALUES ('20081214182349')[0m
  [4;36;1mSQL (0.000000)[0m   [0;1mSELECT version FROM schema_migrations[0m


Processing StatusesController#index (for 127.0.0.1 at 2008-12-14 20:35:14) [GET]
  Session ID: 46f043837f8417f961471795b64a37de
  Parameters: {"action"=>"index", "controller"=>"statuses"}
  [4;36;1mSQL (0.000000)[0m   [0;1mSET client_min_messages TO 'panic'[0m
  [4;35;1mSQL (0.016000)[0m   [0mSET client_min_messages TO 'notice'[0m
  [4;36;1mSQL (0.000000)[0m   [0;1mSET client_encoding TO 'utf8'[0m
  [4;35;1mStatus Load (0.000000)[0m   [0mSELECT * FROM "statuses" [0m
Rendering statuses/index
Completed in 0.01500 (66 reqs/sec) | Rendering: 0.00000 (0%) | DB: 0.01600 (106%) | 200 OK [http://localhost/statuses/]


Processing StatusesController#new (for 127.0.0.1 at 2008-12-14 20:35:16) [GET]
  Session ID: BAh7BiIKZmxhc2hJQzonQWN0aW9uQ29udHJvbGxlcjo6Rmxhc2g6OkZsYXNo
SGFzaHsABjoKQHVzZWR7AA==--8ab421f8044eea4f61058fd0b4e956be75fbe107
  Parameters: {"action"=>"new", "controller"=>"statuses"}
Rendering statuses/new
Completed in 0.03100 (32 reqs/sec) | Rendering: 0.00000 (0%) | DB: 0.00000 (0%) | 200 OK [http://localhost/statuses/new]


Processing StatusesController#create (for 127.0.0.1 at 2008-12-14 20:35:22) [POST]
  Session ID: BAh7BzoMY3NyZl9pZCIlYzk3N2RjNDI2NzU3OGNhZmUxYmZiY2RkMzg0NDM1
MzYiCmZsYXNoSUM6J0FjdGlvbkNvbnRyb2xsZXI6OkZsYXNoOjpGbGFzaEhh
c2h7AAY6CkB1c2VkewA=--e71ccd86e64fd10f2c06c7354fa8259ccef48a81
  Parameters: {"status"=>{"name"=>"www"}, "commit"=>"Create", "authenticity_token"=>"05ba45f0c32d0ae2183989eed0e999b113e06aeb", "action"=>"create", "controller"=>"statuses"}
  [4;36;1mSQL (0.000000)[0m   [0;1mBEGIN[0m
  [4;35;1mSQL (0.000000)[0m   [0mINSERT INTO "statuses" ("name", "updated_at", "created_at") VALUES(E'www', '2008-12-14 18:35:22.359000', '2008-12-14 18:35:22.359000') RETURNING "id"[0m
  [4;36;1mSQL (0.000000)[0m   [0;1mCOMMIT[0m
Redirected to http://localhost:3000/statuses/1
Completed in 0.07900 (12 reqs/sec) | DB: 0.00000 (0%) | 302 Found [http://localhost/statuses]


Processing StatusesController#show (for 127.0.0.1 at 2008-12-14 20:35:22) [GET]
  Session ID: BAh7BzoMY3NyZl9pZCIlYzk3N2RjNDI2NzU3OGNhZmUxYmZiY2RkMzg0NDM1
MzYiCmZsYXNoSUM6J0FjdGlvbkNvbnRyb2xsZXI6OkZsYXNoOjpGbGFzaEhh
c2h7BjoLbm90aWNlIiVTdGF0dXMgd2FzIHN1Y2Nlc3NmdWxseSBjcmVhdGVk
LgY6CkB1c2VkewY7B0Y=--1a6c8da21b50f1d9af7b42bab28bd8210073031a
  Parameters: {"action"=>"show", "id"=>"1", "controller"=>"statuses"}
  [4;35;1mStatus Load (0.015000)[0m   [0mSELECT * FROM "statuses" WHERE ("statuses"."id" = 1) [0m
Rendering statuses/show
Completed in 0.03100 (32 reqs/sec) | Rendering: 0.00000 (0%) | DB: 0.01500 (48%) | 200 OK [http://localhost/statuses/1]


Processing StatusesController#index (for 127.0.0.1 at 2008-12-14 20:35:24) [GET]
  Session ID: BAh7BzoMY3NyZl9pZCIlYzk3N2RjNDI2NzU3OGNhZmUxYmZiY2RkMzg0NDM1
MzYiCmZsYXNoSUM6J0FjdGlvbkNvbnRyb2xsZXI6OkZsYXNoOjpGbGFzaEhh
c2h7BjoLbm90aWNlIiVTdGF0dXMgd2FzIHN1Y2Nlc3NmdWxseSBjcmVhdGVk
LgY6CkB1c2VkewY7B1Q=--4e23624e9cccd5851429d0eab42883295217e70e
  Parameters: {"action"=>"index", "controller"=>"statuses"}
  [4;36;1mStatus Load (0.000000)[0m   [0;1mSELECT * FROM "statuses" [0m
Rendering statuses/index
Completed in 0.03200 (31 reqs/sec) | Rendering: 0.01600 (50%) | DB: 0.00000 (0%) | 200 OK [http://localhost/statuses]


Processing StatusesController#show (for 127.0.0.1 at 2008-12-14 20:35:26) [GET]
  Session ID: BAh7BzoMY3NyZl9pZCIlYzk3N2RjNDI2NzU3OGNhZmUxYmZiY2RkMzg0NDM1
MzYiCmZsYXNoSUM6J0FjdGlvbkNvbnRyb2xsZXI6OkZsYXNoOjpGbGFzaEhh
c2h7AAY6CkB1c2VkewA=--e71ccd86e64fd10f2c06c7354fa8259ccef48a81
  Parameters: {"action"=>"show", "id"=>"1", "controller"=>"statuses"}
  [4;35;1mStatus Load (0.000000)[0m   [0mSELECT * FROM "statuses" WHERE ("statuses"."id" = 1) [0m
Rendering statuses/show
Completed in 0.04700 (21 reqs/sec) | Rendering: 0.01500 (31%) | DB: 0.00000 (0%) | 200 OK [http://localhost/statuses/1]


Processing StatusesController#index (for 127.0.0.1 at 2008-12-14 20:35:27) [GET]
  Session ID: BAh7BzoMY3NyZl9pZCIlYzk3N2RjNDI2NzU3OGNhZmUxYmZiY2RkMzg0NDM1
MzYiCmZsYXNoSUM6J0FjdGlvbkNvbnRyb2xsZXI6OkZsYXNoOjpGbGFzaEhh
c2h7AAY6CkB1c2VkewA=--e71ccd86e64fd10f2c06c7354fa8259ccef48a81
  Parameters: {"action"=>"index", "controller"=>"statuses"}
  [4;36;1mStatus Load (0.000000)[0m   [0;1mSELECT * FROM "statuses" [0m
Rendering statuses/index
Completed in 0.01500 (66 reqs/sec) | Rendering: 0.00000 (0%) | DB: 0.00000 (0%) | 200 OK [http://localhost/statuses]


Processing StatusesController#edit (for 127.0.0.1 at 2008-12-14 20:35:29) [GET]
  Session ID: BAh7BzoMY3NyZl9pZCIlYzk3N2RjNDI2NzU3OGNhZmUxYmZiY2RkMzg0NDM1
MzYiCmZsYXNoSUM6J0FjdGlvbkNvbnRyb2xsZXI6OkZsYXNoOjpGbGFzaEhh
c2h7AAY6CkB1c2VkewA=--e71ccd86e64fd10f2c06c7354fa8259ccef48a81
  Parameters: {"action"=>"edit", "id"=>"1", "controller"=>"statuses"}
  [4;35;1mStatus Load (0.000000)[0m   [0mSELECT * FROM "statuses" WHERE ("statuses"."id" = 1) [0m
Rendering statuses/edit
Completed in 0.06300 (15 reqs/sec) | Rendering: 0.01600 (25%) | DB: 0.00000 (0%) | 200 OK [http://localhost/statuses/1/edit]


Processing StatusesController#index (for 127.0.0.1 at 2008-12-14 20:35:31) [GET]
  Session ID: BAh7BzoMY3NyZl9pZCIlYzk3N2RjNDI2NzU3OGNhZmUxYmZiY2RkMzg0NDM1
MzYiCmZsYXNoSUM6J0FjdGlvbkNvbnRyb2xsZXI6OkZsYXNoOjpGbGFzaEhh
c2h7AAY6CkB1c2VkewA=--e71ccd86e64fd10f2c06c7354fa8259ccef48a81
  Parameters: {"action"=>"index", "controller"=>"statuses"}
  [4;36;1mStatus Load (0.000000)[0m   [0;1mSELECT * FROM "statuses" [0m
Rendering statuses/index
Completed in 0.01600 (62 reqs/sec) | Rendering: 0.01600 (100%) | DB: 0.00000 (0%) | 200 OK [http://localhost/statuses]


Processing StatusesController#destroy (for 127.0.0.1 at 2008-12-14 20:35:34) [DELETE]
  Session ID: BAh7BzoMY3NyZl9pZCIlYzk3N2RjNDI2NzU3OGNhZmUxYmZiY2RkMzg0NDM1
MzYiCmZsYXNoSUM6J0FjdGlvbkNvbnRyb2xsZXI6OkZsYXNoOjpGbGFzaEhh
c2h7AAY6CkB1c2VkewA=--e71ccd86e64fd10f2c06c7354fa8259ccef48a81
  Parameters: {"authenticity_token"=>"05ba45f0c32d0ae2183989eed0e999b113e06aeb", "_method"=>"delete", "action"=>"destroy", "id"=>"1", "controller"=>"statuses"}
  [4;35;1mStatus Load (0.000000)[0m   [0mSELECT * FROM "statuses" WHERE ("statuses"."id" = 1) [0m
  [4;36;1mSQL (0.000000)[0m   [0;1mBEGIN[0m
  [4;35;1mStatus Destroy (0.000000)[0m   [0m DELETE FROM "statuses"
 WHERE "id" = 1
[0m
  [4;36;1mSQL (0.000000)[0m   [0;1mCOMMIT[0m
Redirected to http://localhost:3000/statuses
Completed in 0.03100 (32 reqs/sec) | DB: 0.00000 (0%) | 302 Found [http://localhost/statuses/1]


Processing StatusesController#index (for 127.0.0.1 at 2008-12-14 20:35:35) [GET]
  Session ID: BAh7BzoMY3NyZl9pZCIlYzk3N2RjNDI2NzU3OGNhZmUxYmZiY2RkMzg0NDM1
MzYiCmZsYXNoSUM6J0FjdGlvbkNvbnRyb2xsZXI6OkZsYXNoOjpGbGFzaEhh
c2h7AAY6CkB1c2VkewA=--e71ccd86e64fd10f2c06c7354fa8259ccef48a81
  Parameters: {"action"=>"index", "controller"=>"statuses"}
  [4;35;1mStatus Load (0.000000)[0m   [0mSELECT * FROM "statuses" [0m
Rendering statuses/index
Completed in 0.01600 (62 reqs/sec) | Rendering: 0.00000 (0%) | DB: 0.00000 (0%) | 200 OK [http://localhost/statuses]
  [4;36;1mSQL (0.000000)[0m   [0;1mSET client_min_messages TO 'panic'[0m
  [4;35;1mSQL (0.000000)[0m   [0mSET client_min_messages TO 'notice'[0m
  [4;36;1mSQL (0.000000)[0m   [0;1mSET client_encoding TO 'utf8'[0m
  [4;35;1mSQL (0.000000)[0m   [0mSELECT version FROM schema_migrations[0m
  [4;36;1mSQL (0.000000)[0m   [0;1mSET client_min_messages TO 'panic'[0m
  [4;35;1mSQL (0.000000)[0m   [0mSET client_min_messages TO 'notice'[0m
  [4;36;1mSQL (0.000000)[0m   [0;1mSET client_encoding TO 'utf8'[0m
  [4;35;1mSQL (0.000000)[0m   [0mSET search_path TO public[0m
  [4;36;1mSQL (0.000000)[0m   [0;1mRuntimeError: ERROR	C55006	Mdatabase "wunderkind_test" is being accessed by other users	Fdbcommands.c	L610	Rdropdb: DROP DATABASE IF EXISTS "wunderkind_test"[0m
  [4;36;1mSQL (0.000000)[0m   [0;1mSET client_min_messages TO 'panic'[0m
  [4;35;1mSQL (0.000000)[0m   [0mSET client_min_messages TO 'notice'[0m
  [4;36;1mSQL (0.000000)[0m   [0;1mSET client_encoding TO 'utf8'[0m
  [4;35;1mSQL (0.000000)[0m   [0mBEGIN[0m
  [4;36;1mSQL (0.032000)[0m   [0;1mINSERT INTO "users" ("updated_at", "full_name", "created_at") VALUES('2008-12-14 22:21:22.734000', E'U name', '2008-12-14 22:21:22.734000') RETURNING "id"[0m
  [4;35;1mSQL (0.031000)[0m   [0mCOMMIT[0m
  [4;36;1mSQL (0.000000)[0m   [0;1mBEGIN[0m
  [4;35;1mSQL (0.062000)[0m   [0mINSERT INTO "folders" ("name", "updated_at", "parent_id", "created_at") VALUES(E'asdf', '2008-12-14 22:22:21.328000', NULL, '2008-12-14 22:22:21.328000') RETURNING "id"[0m
  [4;36;1mSQL (0.000000)[0m   [0;1mCOMMIT[0m
  [4;35;1mSQL (0.000000)[0m   [0mBEGIN[0m
  [4;36;1mSQL (0.031000)[0m   [0;1mINSERT INTO "categories" ("name", "updated_at", "parent_id", "created_at") VALUES(E'adsf', '2008-12-14 22:22:37.250000', NULL, '2008-12-14 22:22:37.250000') RETURNING "id"[0m
  [4;35;1mSQL (0.000000)[0m   [0mCOMMIT[0m
  [4;36;1mSQL (0.000000)[0m   [0;1mBEGIN[0m
  [4;35;1mSQL (0.063000)[0m   [0mINSERT INTO "statuses" ("name", "updated_at", "created_at") VALUES(E'asdf', '2008-12-14 22:22:51.375000', '2008-12-14 22:22:51.375000') RETURNING "id"[0m
  [4;36;1mSQL (0.000000)[0m   [0;1mCOMMIT[0m
  [4;35;1mSQL (0.000000)[0m   [0mBEGIN[0m
  [4;36;1mSQL (0.000000)[0m   [0;1mCOMMIT[0m
  [4;35;1mSQL (0.000000)[0m   [0mBEGIN[0m
  [4;36;1mSQL (0.094000)[0m   [0;1mINSERT INTO "posts" ("updated_at", "review", "body", "folder_id", "subject", "category_id", "author_id", "status_id", "comments_count", "views_count", "image", "created_at") VALUES('2008-12-14 22:23:47.312000', NULL, E'asdfasf', 1, NULL, 1, 1, 2, 0, 0, NULL, '2008-12-14 22:23:47.312000') RETURNING "id"[0m
  [4;35;1mSQL (0.000000)[0m   [0mCOMMIT[0m
  [4;36;1mPost Load (0.000000)[0m   [0;1mRuntimeError: ERROR	C42703	Mcolumn posts.user_id does not exist	P34	Fparse_func.c	L1058	Runknown_attribute: SELECT * FROM "posts" WHERE ("posts".user_id = 1) [0m
  [4;36;1mSQL (0.000000)[0m   [0;1mSET client_min_messages TO 'panic'[0m
  [4;35;1mSQL (0.000000)[0m   [0mSET client_min_messages TO 'notice'[0m
  [4;36;1mSQL (0.000000)[0m   [0;1mSET client_encoding TO 'utf8'[0m
  [4;35;1mSQL (0.032000)[0m   [0mSELECT version FROM schema_migrations[0m
  [4;36;1mSQL (0.000000)[0m   [0;1mSET client_min_messages TO 'panic'[0m
  [4;35;1mSQL (0.000000)[0m   [0mSET client_min_messages TO 'notice'[0m
  [4;36;1mSQL (0.000000)[0m   [0;1mSET client_encoding TO 'utf8'[0m
  [4;35;1mSQL (0.000000)[0m   [0mSET search_path TO public[0m
  [4;36;1mSQL (0.454000)[0m   [0;1mDROP DATABASE IF EXISTS "wunderkind_test"[0m
  [4;35;1mSQL (0.000000)[0m   [0mSET client_min_messages TO 'panic'[0m
  [4;36;1mSQL (0.000000)[0m   [0;1mSET client_min_messages TO 'notice'[0m
  [4;35;1mSQL (0.000000)[0m   [0mSET client_encoding TO 'utf8'[0m
  [4;36;1mSQL (0.000000)[0m   [0;1mSET search_path TO public[0m
  [4;35;1mSQL (6.218000)[0m   [0mCREATE DATABASE "wunderkind_test" ENCODING = 'utf8'[0m
  [4;36;1mSQL (0.000000)[0m   [0;1mSET client_min_messages TO 'panic'[0m
  [4;35;1mSQL (0.000000)[0m   [0mSET client_min_messages TO 'notice'[0m
  [4;36;1mSQL (0.000000)[0m   [0;1mSET client_encoding TO 'utf8'[0m
  [4;35;1mSQL (0.265000)[0m   [0mCREATE TABLE "categories" ("id" serial primary key, "parent_id" integer, "name" character varying(255), "created_at" timestamp, "updated_at" timestamp) [0m
  [4;36;1mSQL (0.047000)[0m   [0;1mCREATE TABLE "folders" ("id" serial primary key, "parent_id" integer, "name" character varying(255), "created_at" timestamp, "updated_at" timestamp) [0m
  [4;35;1mSQL (0.078000)[0m   [0mCREATE TABLE "posts" ("id" serial primary key, "author_id" integer, "folder_id" integer, "category_id" integer, "status_id" integer, "review" text, "subject" character varying(255), "body" text, "image" character varying(255), "comments_count" integer DEFAULT 0, "views_count" integer DEFAULT 0, "created_at" timestamp, "updated_at" timestamp) [0m
  [4;36;1mSQL (0.062000)[0m   [0;1mCREATE TABLE "statuses" ("id" serial primary key, "name" character varying(255), "created_at" timestamp, "updated_at" timestamp) [0m
  [4;35;1mSQL (0.079000)[0m   [0mCREATE TABLE "users" ("id" serial primary key, "full_name" character varying(255), "created_at" timestamp, "updated_at" timestamp) [0m
  [4;36;1mSQL (0.000000)[0m   [0;1mCREATE TABLE "schema_migrations" ("version" character varying(255) NOT NULL) [0m
  [4;35;1mSQL (0.062000)[0m   [0mCREATE UNIQUE INDEX "unique_schema_migrations" ON "schema_migrations" ("version")[0m
  [4;36;1mSQL (0.000000)[0m   [0;1mSELECT version FROM "schema_migrations"[0m
  [4;35;1mSQL (0.000000)[0m   [0mINSERT INTO "schema_migrations" (version) VALUES ('20081214182349')[0m
  [4;36;1mSQL (0.000000)[0m   [0;1mINSERT INTO "schema_migrations" (version) VALUES ('20081213211140')[0m
  [4;35;1mSQL (0.000000)[0m   [0mINSERT INTO "schema_migrations" (version) VALUES ('20081213233920')[0m
  [4;36;1mSQL (0.000000)[0m   [0;1mINSERT INTO "schema_migrations" (version) VALUES ('20081214182245')[0m
  [4;35;1mSQL (0.000000)[0m   [0mINSERT INTO "schema_migrations" (version) VALUES ('20081214182317')[0m
  [4;35;1mPost Load (0.000000)[0m   [0mRuntimeError: ERROR	C42703	Mcolumn posts.user_id does not exist	P34	Fparse_func.c	L1058	Runknown_attribute: SELECT * FROM "posts" WHERE ("posts".user_id = 1) [0m
  [4;36;1mSQL (0.000000)[0m   [0;1mSET client_min_messages TO 'panic'[0m
  [4;35;1mSQL (0.000000)[0m   [0mSET client_min_messages TO 'notice'[0m
  [4;36;1mSQL (0.000000)[0m   [0;1mSET client_encoding TO 'utf8'[0m
  [4;35;1mSQL (0.078000)[0m   [0mSELECT version FROM schema_migrations[0m
Migrating to CreatePosts (20081213211140)
Migrating to CreateUsers (20081213233920)
Migrating to CreateStatuses (20081214182245)
Migrating to CreateFolders (20081214182317)
Migrating to CreateCategories (20081214182349)
Migrating to CreateFavorites (20081215195001)
  [4;36;1mSQL (0.719000)[0m   [0;1mCREATE TABLE "favorites" ("id" serial primary key, "user_id" integer, "favoritable_id" integer, "favoritable_type" integer, "created_at" timestamp, "updated_at" timestamp) [0m
  [4;35;1mSQL (0.063000)[0m   [0mINSERT INTO schema_migrations (version) VALUES ('20081215195001')[0m
Migrating to CreateLinks (20081215195057)
  [4;36;1mSQL (0.234000)[0m   [0;1mCREATE TABLE "links" ("id" serial primary key, "linkable_id" integer, "linkable_type" integer, "source" character varying(255), "name" character varying(255), "created_at" timestamp, "updated_at" timestamp) [0m
  [4;35;1mSQL (0.000000)[0m   [0mINSERT INTO schema_migrations (version) VALUES ('20081215195057')[0m
Migrating to CreateComments (20081215195205)
  [4;36;1mSQL (0.157000)[0m   [0;1mCREATE TABLE "comments" ("id" serial primary key, "author_id" integer, "commentable_id" integer, "commentable_type" integer, "sujb" character varying(255), "body" character varying(255), "created_at" timestamp, "updated_at" timestamp) [0m
  [4;35;1mSQL (0.000000)[0m   [0mINSERT INTO schema_migrations (version) VALUES ('20081215195205')[0m
Migrating to CreateTags (20081215195456)
  [4;36;1mSQL (0.078000)[0m   [0;1mCREATE TABLE "tags" ("id" serial primary key, "name" character varying(255), "created_at" timestamp, "updated_at" timestamp) [0m
  [4;35;1mSQL (0.000000)[0m   [0mINSERT INTO schema_migrations (version) VALUES ('20081215195456')[0m
Migrating to CreateTaggables (20081215195638)
  [4;36;1mSQL (0.063000)[0m   [0;1mCREATE TABLE "taggables" ("id" serial primary key, "tag_id" integer, "taggable_id" integer, "taggable_type" character varying(255), "created_at" timestamp, "updated_at" timestamp) [0m
  [4;35;1mSQL (0.000000)[0m   [0mINSERT INTO schema_migrations (version) VALUES ('20081215195638')[0m
Migrating to CreateAnswers (20081215195753)
  [4;36;1mSQL (0.047000)[0m   [0;1mCREATE TABLE "answers" ("id" serial primary key, "post_id" integer, "body" character varying(255), "created_at" timestamp, "updated_at" timestamp) [0m
  [4;35;1mSQL (0.000000)[0m   [0mINSERT INTO schema_migrations (version) VALUES ('20081215195753')[0m
Migrating to CreateGroups (20081215195958)
  [4;36;1mSQL (0.141000)[0m   [0;1mCREATE TABLE "groups" ("id" serial primary key, "author_id" integer, "category_id" integer, "name" character varying(255), "description" character varying(255), "created_at" timestamp, "updated_at" timestamp) [0m
  [4;35;1mSQL (0.000000)[0m   [0mINSERT INTO schema_migrations (version) VALUES ('20081215195958')[0m
Migrating to CreateMemberships (20081215200055)
  [4;36;1mSQL (0.047000)[0m   [0;1mCREATE TABLE "memberships" ("id" serial primary key, "user_id" integer, "group_id" integer, "created_at" timestamp, "updated_at" timestamp) [0m
  [4;35;1mSQL (0.000000)[0m   [0mINSERT INTO schema_migrations (version) VALUES ('20081215200055')[0m
Migrating to CreateRates (20081215200535)
  [4;36;1mSQL (0.094000)[0m   [0;1mCREATE TABLE "rates" ("id" serial primary key, "ratable_id" integer, "ratable_type" character varying(255), "value" integer, "notes" character varying(255), "created_at" timestamp, "updated_at" timestamp) [0m
  [4;35;1mSQL (0.000000)[0m   [0mINSERT INTO schema_migrations (version) VALUES ('20081215200535')[0m
  [4;36;1mSQL (0.000000)[0m   [0;1mSELECT version FROM schema_migrations[0m
  [4;36;1mSQL (0.000000)[0m   [0;1mSET client_min_messages TO 'panic'[0m
  [4;35;1mSQL (0.000000)[0m   [0mSET client_min_messages TO 'notice'[0m
  [4;36;1mSQL (0.000000)[0m   [0;1mSET client_encoding TO 'utf8'[0m
  [4;35;1mSQL (0.016000)[0m   [0mSELECT version FROM schema_migrations[0m
  [4;36;1mSQL (0.000000)[0m   [0;1mSELECT version FROM schema_migrations[0m
Migrating to CreateRates (20081215200535)
  [4;35;1mSQL (0.109000)[0m   [0mDROP TABLE "rates"[0m
  [4;36;1mSQL (0.000000)[0m   [0;1mDELETE FROM schema_migrations WHERE version = '20081215200535'[0m
Migrating to CreateMemberships (20081215200055)
  [4;35;1mSQL (0.000000)[0m   [0mDROP TABLE "memberships"[0m
  [4;36;1mSQL (0.000000)[0m   [0;1mDELETE FROM schema_migrations WHERE version = '20081215200055'[0m
Migrating to CreateGroups (20081215195958)
  [4;35;1mSQL (0.016000)[0m   [0mDROP TABLE "groups"[0m
  [4;36;1mSQL (0.000000)[0m   [0;1mDELETE FROM schema_migrations WHERE version = '20081215195958'[0m
Migrating to CreateAnswers (20081215195753)
  [4;35;1mSQL (0.000000)[0m   [0mDROP TABLE "answers"[0m
  [4;36;1mSQL (0.000000)[0m   [0;1mDELETE FROM schema_migrations WHERE version = '20081215195753'[0m
Migrating to CreateTaggables (20081215195638)
  [4;35;1mSQL (0.000000)[0m   [0mDROP TABLE "taggables"[0m
  [4;36;1mSQL (0.000000)[0m   [0;1mDELETE FROM schema_migrations WHERE version = '20081215195638'[0m
Migrating to CreateTags (20081215195456)
  [4;35;1mSQL (0.000000)[0m   [0mDROP TABLE "tags"[0m
  [4;36;1mSQL (0.000000)[0m   [0;1mDELETE FROM schema_migrations WHERE version = '20081215195456'[0m
Migrating to CreateComments (20081215195205)
  [4;35;1mSQL (0.015000)[0m   [0mDROP TABLE "comments"[0m
  [4;36;1mSQL (0.000000)[0m   [0;1mDELETE FROM schema_migrations WHERE version = '20081215195205'[0m
Migrating to CreateLinks (20081215195057)
  [4;35;1mSQL (0.016000)[0m   [0mDROP TABLE "links"[0m
  [4;36;1mSQL (0.000000)[0m   [0;1mDELETE FROM schema_migrations WHERE version = '20081215195057'[0m
Migrating to CreateFavorites (20081215195001)
  [4;35;1mSQL (0.000000)[0m   [0mDROP TABLE "favorites"[0m
  [4;36;1mSQL (0.016000)[0m   [0;1mDELETE FROM schema_migrations WHERE version = '20081215195001'[0m
Migrating to CreateCategories (20081214182349)
  [4;35;1mSQL (0.015000)[0m   [0mDROP TABLE "categories"[0m
  [4;36;1mSQL (0.016000)[0m   [0;1mDELETE FROM schema_migrations WHERE version = '20081214182349'[0m
Migrating to CreateFolders (20081214182317)
  [4;35;1mSQL (0.000000)[0m   [0mDROP TABLE "folders"[0m
  [4;36;1mSQL (0.000000)[0m   [0;1mDELETE FROM schema_migrations WHERE version = '20081214182317'[0m
Migrating to CreateStatuses (20081214182245)
  [4;35;1mSQL (0.000000)[0m   [0mDROP TABLE "statuses"[0m
  [4;36;1mSQL (0.000000)[0m   [0;1mDELETE FROM schema_migrations WHERE version = '20081214182245'[0m
Migrating to CreateUsers (20081213233920)
  [4;35;1mSQL (0.032000)[0m   [0mDROP TABLE "users"[0m
  [4;36;1mSQL (0.000000)[0m   [0;1mDELETE FROM schema_migrations WHERE version = '20081213233920'[0m
Migrating to CreatePosts (20081213211140)
  [4;35;1mSQL (0.015000)[0m   [0mDROP TABLE "posts"[0m
  [4;36;1mSQL (0.000000)[0m   [0;1mDELETE FROM schema_migrations WHERE version = '20081213211140'[0m
  [4;35;1mSQL (0.000000)[0m   [0mSELECT version FROM schema_migrations[0m
  [4;36;1mSQL (0.000000)[0m   [0;1mSET client_min_messages TO 'panic'[0m
  [4;35;1mSQL (0.000000)[0m   [0mSET client_min_messages TO 'notice'[0m
  [4;36;1mSQL (0.000000)[0m   [0;1mSET client_encoding TO 'utf8'[0m
  [4;35;1mSQL (0.000000)[0m   [0mSELECT version FROM schema_migrations[0m
Migrating to CreatePosts (20081213211140)
  [4;36;1mSQL (0.125000)[0m   [0;1mCREATE TABLE "posts" ("id" serial primary key, "author_id" integer, "folder_id" integer, "category_id" integer, "status_id" integer, "review" text, "subject" character varying(255), "body" text, "image" character varying(255), "comments_count" integer DEFAULT 0, "views_count" integer DEFAULT 0, "created_at" timestamp, "updated_at" timestamp) [0m
  [4;35;1mSQL (0.000000)[0m   [0mINSERT INTO schema_migrations (version) VALUES ('20081213211140')[0m
Migrating to CreateUsers (20081213233920)
  [4;36;1mSQL (0.047000)[0m   [0;1mCREATE TABLE "users" ("id" serial primary key, "full_name" character varying(255), "created_at" timestamp, "updated_at" timestamp) [0m
  [4;35;1mSQL (0.000000)[0m   [0mINSERT INTO schema_migrations (version) VALUES ('20081213233920')[0m
Migrating to CreateStatuses (20081214182245)
  [4;36;1mSQL (0.047000)[0m   [0;1mCREATE TABLE "statuses" ("id" serial primary key, "name" character varying(255), "created_at" timestamp, "updated_at" timestamp) [0m
  [4;35;1mSQL (0.000000)[0m   [0mINSERT INTO schema_migrations (version) VALUES ('20081214182245')[0m
Migrating to CreateFolders (20081214182317)
  [4;36;1mSQL (0.047000)[0m   [0;1mCREATE TABLE "folders" ("id" serial primary key, "parent_id" integer, "category_id" integer, "name" character varying(255), "created_at" timestamp, "updated_at" timestamp) [0m
  [4;35;1mSQL (0.000000)[0m   [0mINSERT INTO schema_migrations (version) VALUES ('20081214182317')[0m
Migrating to CreateCategories (20081214182349)
  [4;36;1mSQL (0.078000)[0m   [0;1mCREATE TABLE "categories" ("id" serial primary key, "parent_id" integer, "name" character varying(255), "created_at" timestamp, "updated_at" timestamp) [0m
  [4;35;1mSQL (0.000000)[0m   [0mINSERT INTO schema_migrations (version) VALUES ('20081214182349')[0m
Migrating to CreateFavorites (20081215195001)
  [4;36;1mSQL (0.047000)[0m   [0;1mCREATE TABLE "favorites" ("id" serial primary key, "user_id" integer, "favoritable_id" integer, "favoritable_type" integer, "created_at" timestamp, "updated_at" timestamp) [0m
  [4;35;1mSQL (0.000000)[0m   [0mINSERT INTO schema_migrations (version) VALUES ('20081215195001')[0m
Migrating to CreateLinks (20081215195057)
  [4;36;1mSQL (0.094000)[0m   [0;1mCREATE TABLE "links" ("id" serial primary key, "linkable_id" integer, "linkable_type" integer, "source" character varying(255), "name" character varying(255), "created_at" timestamp, "updated_at" timestamp) [0m
  [4;35;1mSQL (0.000000)[0m   [0mINSERT INTO schema_migrations (version) VALUES ('20081215195057')[0m
Migrating to CreateComments (20081215195205)
  [4;36;1mSQL (0.141000)[0m   [0;1mCREATE TABLE "comments" ("id" serial primary key, "author_id" integer, "commentable_id" integer, "commentable_type" integer, "sujb" character varying(255), "body" character varying(255), "created_at" timestamp, "updated_at" timestamp) [0m
  [4;35;1mSQL (0.000000)[0m   [0mINSERT INTO schema_migrations (version) VALUES ('20081215195205')[0m
Migrating to CreateTags (20081215195456)
  [4;36;1mSQL (0.094000)[0m   [0;1mCREATE TABLE "tags" ("id" serial primary key, "name" character varying(255), "created_at" timestamp, "updated_at" timestamp) [0m
  [4;35;1mSQL (0.000000)[0m   [0mINSERT INTO schema_migrations (version) VALUES ('20081215195456')[0m
Migrating to CreateTaggables (20081215195638)
  [4;36;1mSQL (0.094000)[0m   [0;1mCREATE TABLE "taggables" ("id" serial primary key, "tag_id" integer, "taggable_id" integer, "taggable_type" character varying(255), "created_at" timestamp, "updated_at" timestamp) [0m
  [4;35;1mSQL (0.000000)[0m   [0mINSERT INTO schema_migrations (version) VALUES ('20081215195638')[0m
Migrating to CreateAnswers (20081215195753)
  [4;36;1mSQL (0.078000)[0m   [0;1mCREATE TABLE "answers" ("id" serial primary key, "post_id" integer, "body" character varying(255), "created_at" timestamp, "updated_at" timestamp) [0m
  [4;35;1mSQL (0.000000)[0m   [0mINSERT INTO schema_migrations (version) VALUES ('20081215195753')[0m
Migrating to CreateGroups (20081215195958)
  [4;36;1mSQL (0.109000)[0m   [0;1mCREATE TABLE "groups" ("id" serial primary key, "author_id" integer, "category_id" integer, "name" character varying(255), "description" character varying(255), "created_at" timestamp, "updated_at" timestamp) [0m
  [4;35;1mSQL (0.000000)[0m   [0mINSERT INTO schema_migrations (version) VALUES ('20081215195958')[0m
Migrating to CreateMemberships (20081215200055)
  [4;36;1mSQL (0.063000)[0m   [0;1mCREATE TABLE "memberships" ("id" serial primary key, "user_id" integer, "group_id" integer, "created_at" timestamp, "updated_at" timestamp) [0m
  [4;35;1mSQL (0.015000)[0m   [0mINSERT INTO schema_migrations (version) VALUES ('20081215200055')[0m
Migrating to CreateRates (20081215200535)
  [4;36;1mSQL (0.125000)[0m   [0;1mCREATE TABLE "rates" ("id" serial primary key, "ratable_id" integer, "ratable_type" character varying(255), "value" integer, "notes" character varying(255), "created_at" timestamp, "updated_at" timestamp) [0m
  [4;35;1mSQL (0.000000)[0m   [0mINSERT INTO schema_migrations (version) VALUES ('20081215200535')[0m
  [4;36;1mSQL (0.000000)[0m   [0;1mSELECT version FROM schema_migrations[0m
